<?xml version="1.0" encoding="UTF-8"?>
<coverage generated="1661269850">
  <project timestamp="1661269850">
    <package name="App\Services\IntegratedNumberServices">
      <file name="C:\wamp64\www\FooBarQixExtended\app\Services\IntegratedNumberServices\FooBarQixIntegratedNumberService.php">
        <class name="App\Services\IntegratedNumberServices\FooBarQixIntegratedNumberService" namespace="App\Services\IntegratedNumberServices">
          <metrics complexity="1" methods="1" coveredmethods="1" conditionals="0" coveredconditionals="0" statements="4" coveredstatements="4" elements="5" coveredelements="5"/>
        </class>
        <line num="14" type="method" name="__construct" complexity="1" crap="1" count="2"/>
        <line num="16" type="stmt" count="2"/>
        <line num="17" type="stmt" count="2"/>
        <line num="18" type="stmt" count="2"/>
        <line num="19" type="stmt" count="2"/>
        <metrics loc="20" ncloc="20" classes="1" methods="1" coveredmethods="1" conditionals="0" coveredconditionals="0" statements="4" coveredstatements="4" elements="5" coveredelements="5"/>
      </file>
      <file name="C:\wamp64\www\FooBarQixExtended\app\Services\IntegratedNumberServices\InfQixFooIntegratedNumberService.php">
        <class name="App\Services\IntegratedNumberServices\InfQixFooIntegratedNumberService" namespace="App\Services\IntegratedNumberServices">
          <metrics complexity="6" methods="2" coveredmethods="2" conditionals="0" coveredconditionals="0" statements="21" coveredstatements="21" elements="23" coveredelements="23"/>
        </class>
        <line num="15" type="method" name="__construct" complexity="1" crap="1" count="4"/>
        <line num="17" type="stmt" count="4"/>
        <line num="18" type="stmt" count="4"/>
        <line num="19" type="stmt" count="4"/>
        <line num="21" type="stmt" count="4"/>
        <line num="23" type="stmt" count="4"/>
        <line num="25" type="stmt" count="4"/>
        <line num="28" type="stmt" count="4"/>
        <line num="29" type="stmt" count="4"/>
        <line num="36" type="method" name="multiples_occurrences_and_digit_sum" visibility="public" complexity="5" crap="5" count="2"/>
        <line num="38" type="stmt" count="2"/>
        <line num="40" type="stmt" count="2"/>
        <line num="43" type="stmt" count="2"/>
        <line num="46" type="stmt" count="2"/>
        <line num="47" type="stmt" count="2"/>
        <line num="48" type="stmt" count="2"/>
        <line num="49" type="stmt" count="2"/>
        <line num="53" type="stmt" count="2"/>
        <line num="54" type="stmt" count="2"/>
        <line num="55" type="stmt" count="2"/>
        <line num="60" type="stmt" count="2"/>
        <line num="61" type="stmt" count="2"/>
        <line num="62" type="stmt" count="2"/>
        <metrics loc="65" ncloc="58" classes="1" methods="2" coveredmethods="2" conditionals="0" coveredconditionals="0" statements="21" coveredstatements="21" elements="23" coveredelements="23"/>
      </file>
      <file name="C:\wamp64\www\FooBarQixExtended\app\Services\IntegratedNumberServices\IntegratedNumberService.php">
        <class name="App\Services\IntegratedNumberServices\IntegratedNumberService" namespace="App\Services\IntegratedNumberServices">
          <metrics complexity="6" methods="2" coveredmethods="1" conditionals="0" coveredconditionals="0" statements="17" coveredstatements="14" elements="19" coveredelements="15"/>
        </class>
        <line num="16" type="method" name="__construct" complexity="1" crap="1" count="8"/>
        <line num="17" type="stmt" count="8"/>
        <line num="18" type="stmt" count="8"/>
        <line num="19" type="stmt" count="8"/>
        <line num="25" type="method" name="multiples_and_occurrences" visibility="public" complexity="5" crap="5.25" count="8"/>
        <line num="28" type="stmt" count="8"/>
        <line num="29" type="stmt" count="8"/>
        <line num="32" type="stmt" count="5"/>
        <line num="33" type="stmt" count="5"/>
        <line num="36" type="stmt" count="5"/>
        <line num="38" type="stmt" count="5"/>
        <line num="39" type="stmt" count="3"/>
        <line num="41" type="stmt" count="2"/>
        <line num="44" type="stmt" count="5"/>
        <line num="45" type="stmt" count="5"/>
        <line num="46" type="stmt" count="5"/>
        <line num="52" type="stmt" count="0"/>
        <line num="53" type="stmt" count="0"/>
        <line num="54" type="stmt" count="0"/>
        <metrics loc="57" ncloc="50" classes="1" methods="2" coveredmethods="1" conditionals="0" coveredconditionals="0" statements="17" coveredstatements="14" elements="19" coveredelements="15"/>
      </file>
    </package>
    <package name="App\Services\MultiplesServices">
      <file name="C:\wamp64\www\FooBarQixExtended\app\Services\MultiplesServices\FooBarQixMultiplesService.php">
        <class name="App\Services\MultiplesServices\FooBarQixMultiplesService" namespace="App\Services\MultiplesServices">
          <metrics complexity="1" methods="1" coveredmethods="1" conditionals="0" coveredconditionals="0" statements="5" coveredstatements="5" elements="6" coveredelements="6"/>
        </class>
        <line num="9" type="method" name="__construct" complexity="1" crap="1" count="6"/>
        <line num="11" type="stmt" count="6"/>
        <line num="12" type="stmt" count="6"/>
        <line num="14" type="stmt" count="6"/>
        <line num="25" type="stmt" count="6"/>
        <line num="26" type="stmt" count="6"/>
        <metrics loc="27" ncloc="27" classes="1" methods="1" coveredmethods="1" conditionals="0" coveredconditionals="0" statements="5" coveredstatements="5" elements="6" coveredelements="6"/>
      </file>
      <file name="C:\wamp64\www\FooBarQixExtended\app\Services\MultiplesServices\InfQixFooMultiplesService.php">
        <class name="App\Services\MultiplesServices\InfQixFooMultiplesService" namespace="App\Services\MultiplesServices">
          <metrics complexity="1" methods="1" coveredmethods="1" conditionals="0" coveredconditionals="0" statements="6" coveredstatements="6" elements="7" coveredelements="7"/>
        </class>
        <line num="11" type="method" name="__construct" complexity="1" crap="1" count="8"/>
        <line num="13" type="stmt" count="8"/>
        <line num="14" type="stmt" count="8"/>
        <line num="16" type="stmt" count="8"/>
        <line num="27" type="stmt" count="8"/>
        <line num="29" type="stmt" count="8"/>
        <line num="30" type="stmt" count="8"/>
        <metrics loc="31" ncloc="31" classes="1" methods="1" coveredmethods="1" conditionals="0" coveredconditionals="0" statements="6" coveredstatements="6" elements="7" coveredelements="7"/>
      </file>
      <file name="C:\wamp64\www\FooBarQixExtended\app\Services\MultiplesServices\MultiplesService.php">
        <class name="App\Services\MultiplesServices\MultiplesService" namespace="App\Services\MultiplesServices">
          <metrics complexity="10" methods="2" coveredmethods="2" conditionals="0" coveredconditionals="0" statements="26" coveredstatements="26" elements="28" coveredelements="28"/>
        </class>
        <line num="14" type="method" name="__construct" complexity="1" crap="1" count="20"/>
        <line num="15" type="stmt" count="20"/>
        <line num="17" type="stmt" count="20"/>
        <line num="20" type="stmt" count="20"/>
        <line num="21" type="stmt" count="20"/>
        <line num="29" type="method" name="multiples" visibility="public" complexity="9" crap="9" count="17"/>
        <line num="32" type="stmt" count="17"/>
        <line num="33" type="stmt" count="14"/>
        <line num="34" type="stmt" count="14"/>
        <line num="38" type="stmt" count="14"/>
        <line num="41" type="stmt" count="14"/>
        <line num="42" type="stmt" count="14"/>
        <line num="43" type="stmt" count="14"/>
        <line num="44" type="stmt" count="4"/>
        <line num="45" type="stmt" count="4"/>
        <line num="46" type="stmt" count="4"/>
        <line num="51" type="stmt" count="13"/>
        <line num="53" type="stmt" count="13"/>
        <line num="54" type="stmt" count="13"/>
        <line num="55" type="stmt" count="11"/>
        <line num="60" type="stmt" count="13"/>
        <line num="61" type="stmt" count="13"/>
        <line num="62" type="stmt" count="11"/>
        <line num="63" type="stmt" count="11"/>
        <line num="64" type="stmt" count="11"/>
        <line num="69" type="stmt" count="2"/>
        <line num="70" type="stmt" count="2"/>
        <line num="71" type="stmt" count="2"/>
        <metrics loc="75" ncloc="65" classes="1" methods="2" coveredmethods="2" conditionals="0" coveredconditionals="0" statements="26" coveredstatements="26" elements="28" coveredelements="28"/>
      </file>
    </package>
    <package name="App\Services">
      <file name="C:\wamp64\www\FooBarQixExtended\app\Services\NumberService.php">
        <class name="App\Services\NumberService" namespace="App\Services">
          <metrics complexity="2" methods="1" coveredmethods="1" conditionals="0" coveredconditionals="0" statements="4" coveredstatements="4" elements="5" coveredelements="5"/>
        </class>
        <line num="14" type="method" name="validate" visibility="protected" complexity="2" crap="2" count="35"/>
        <line num="16" type="stmt" count="35"/>
        <line num="19" type="stmt" count="9"/>
        <line num="20" type="stmt" count="9"/>
        <line num="21" type="stmt" count="9"/>
        <metrics loc="24" ncloc="22" classes="1" methods="1" coveredmethods="1" conditionals="0" coveredconditionals="0" statements="4" coveredstatements="4" elements="5" coveredelements="5"/>
      </file>
    </package>
    <package name="App\Services\OccurrencesServices">
      <file name="C:\wamp64\www\FooBarQixExtended\app\Services\OccurrencesServices\FooBarQixOccurrencesService.php">
        <class name="App\Services\OccurrencesServices\FooBarQixOccurrencesService" namespace="App\Services\OccurrencesServices">
          <metrics complexity="1" methods="1" coveredmethods="1" conditionals="0" coveredconditionals="0" statements="4" coveredstatements="4" elements="5" coveredelements="5"/>
        </class>
        <line num="9" type="method" name="__construct" complexity="1" crap="1" count="7"/>
        <line num="11" type="stmt" count="7"/>
        <line num="12" type="stmt" count="7"/>
        <line num="14" type="stmt" count="7"/>
        <line num="26" type="stmt" count="7"/>
        <metrics loc="27" ncloc="27" classes="1" methods="1" coveredmethods="1" conditionals="0" coveredconditionals="0" statements="4" coveredstatements="4" elements="5" coveredelements="5"/>
      </file>
      <file name="C:\wamp64\www\FooBarQixExtended\app\Services\OccurrencesServices\InfQixFooOccurrencesService.php">
        <class name="App\Services\OccurrencesServices\InfQixFooOccurrencesService" namespace="App\Services\OccurrencesServices">
          <metrics complexity="1" methods="1" coveredmethods="1" conditionals="0" coveredconditionals="0" statements="5" coveredstatements="5" elements="6" coveredelements="6"/>
        </class>
        <line num="10" type="method" name="__construct" complexity="1" crap="1" count="9"/>
        <line num="12" type="stmt" count="9"/>
        <line num="13" type="stmt" count="9"/>
        <line num="15" type="stmt" count="9"/>
        <line num="28" type="stmt" count="9"/>
        <line num="29" type="stmt" count="9"/>
        <metrics loc="30" ncloc="30" classes="1" methods="1" coveredmethods="1" conditionals="0" coveredconditionals="0" statements="5" coveredstatements="5" elements="6" coveredelements="6"/>
      </file>
      <file name="C:\wamp64\www\FooBarQixExtended\app\Services\OccurrencesServices\OccurrencesService.php">
        <class name="App\Services\OccurrencesServices\OccurrencesService" namespace="App\Services\OccurrencesServices">
          <metrics complexity="8" methods="2" coveredmethods="2" conditionals="0" coveredconditionals="0" statements="18" coveredstatements="18" elements="20" coveredelements="20"/>
        </class>
        <line num="14" type="method" name="__construct" complexity="1" crap="1" count="23"/>
        <line num="15" type="stmt" count="23"/>
        <line num="17" type="stmt" count="23"/>
        <line num="21" type="stmt" count="23"/>
        <line num="28" type="method" name="occurrences" visibility="public" complexity="7" crap="7" count="20"/>
        <line num="31" type="stmt" count="20"/>
        <line num="32" type="stmt" count="15"/>
        <line num="33" type="stmt" count="15"/>
        <line num="37" type="stmt" count="17"/>
        <line num="39" type="stmt" count="17"/>
        <line num="41" type="stmt" count="17"/>
        <line num="44" type="stmt" count="17"/>
        <line num="45" type="stmt" count="17"/>
        <line num="47" type="stmt" count="17"/>
        <line num="49" type="stmt" count="14"/>
        <line num="50" type="stmt" count="14"/>
        <line num="55" type="stmt" count="17"/>
        <line num="57" type="stmt" count="17"/>
        <line num="58" type="stmt" count="17"/>
        <line num="59" type="stmt" count="17"/>
        <metrics loc="62" ncloc="53" classes="1" methods="2" coveredmethods="2" conditionals="0" coveredconditionals="0" statements="18" coveredstatements="18" elements="20" coveredelements="20"/>
      </file>
    </package>
    <metrics files="10" loc="418" ncloc="383" classes="10" methods="14" coveredmethods="13" conditionals="0" coveredconditionals="0" statements="110" coveredstatements="107" elements="124" coveredelements="120"/>
  </project>
</coverage>
