<?xml version="1.0" encoding="UTF-8"?>
<testsuites>
  <testsuite name="C:\wamp64\www\FooBarQixExtended\tests" tests="37" assertions="431" errors="0" warnings="0" failures="0" skipped="0" time="9.477793">
    <testsuite name="Tests\Feature\ExampleTest" file="C:\wamp64\www\FooBarQixExtended\tests\Feature\ExampleTest.php" tests="1" assertions="1" errors="0" warnings="0" failures="0" skipped="0" time="0.834663">
      <testcase name="test_example" class="Tests\Feature\ExampleTest" classname="Tests.Feature.ExampleTest" file="C:\wamp64\www\FooBarQixExtended\tests\Feature\ExampleTest.php" line="15" assertions="1" time="0.834663"/>
    </testsuite>
    <testsuite name="Tests\Feature\MultiplesAndOccurrences\FooBarQixIntegratedNumberServiceTest" file="C:\wamp64\www\FooBarQixExtended\tests\Feature\MultiplesAndOccurrences\FooBarQixIntegratedNumberServiceTest.php" tests="2" assertions="4" errors="0" warnings="0" failures="0" skipped="0" time="0.476824">
      <testcase name="invalid_integer_test" class="Tests\Feature\MultiplesAndOccurrences\FooBarQixIntegratedNumberServiceTest" classname="Tests.Feature.MultiplesAndOccurrences.FooBarQixIntegratedNumberServiceTest" file="C:\wamp64\www\FooBarQixExtended\tests\Feature\MultiplesAndOccurrences\FooBarQixIntegratedNumberServiceTest.php" line="32" assertions="3" time="0.239579"/>
      <testcase name="multiples_and_occurrences_test" class="Tests\Feature\MultiplesAndOccurrences\FooBarQixIntegratedNumberServiceTest" classname="Tests.Feature.MultiplesAndOccurrences.FooBarQixIntegratedNumberServiceTest" file="C:\wamp64\www\FooBarQixExtended\tests\Feature\MultiplesAndOccurrences\FooBarQixIntegratedNumberServiceTest.php" line="61" assertions="1" time="0.237245"/>
    </testsuite>
    <testsuite name="Tests\Feature\MultiplesAndOccurrences\InfQixFooIntegratedNumberServiceTest" file="C:\wamp64\www\FooBarQixExtended\tests\Feature\MultiplesAndOccurrences\InfQixFooIntegratedNumberServiceTest.php" tests="4" assertions="6" errors="0" warnings="0" failures="0" skipped="0" time="1.015285">
      <testcase name="individual_digit_sum_test" class="Tests\Feature\MultiplesAndOccurrences\InfQixFooIntegratedNumberServiceTest" classname="Tests.Feature.MultiplesAndOccurrences.InfQixFooIntegratedNumberServiceTest" file="C:\wamp64\www\FooBarQixExtended\tests\Feature\MultiplesAndOccurrences\InfQixFooIntegratedNumberServiceTest.php" line="35" assertions="1" time="0.236511"/>
      <testcase name="reoccurring_multiplier_digit_sum_test" class="Tests\Feature\MultiplesAndOccurrences\InfQixFooIntegratedNumberServiceTest" classname="Tests.Feature.MultiplesAndOccurrences.InfQixFooIntegratedNumberServiceTest" file="C:\wamp64\www\FooBarQixExtended\tests\Feature\MultiplesAndOccurrences\InfQixFooIntegratedNumberServiceTest.php" line="86" assertions="1" time="0.233205"/>
      <testcase name="invalid_integer_test" class="Tests\Feature\MultiplesAndOccurrences\InfQixFooIntegratedNumberServiceTest" classname="Tests.Feature.MultiplesAndOccurrences.InfQixFooIntegratedNumberServiceTest" file="C:\wamp64\www\FooBarQixExtended\tests\Feature\MultiplesAndOccurrences\InfQixFooIntegratedNumberServiceTest.php" line="32" assertions="3" time="0.248361"/>
      <testcase name="multiples_and_occurrences_test" class="Tests\Feature\MultiplesAndOccurrences\InfQixFooIntegratedNumberServiceTest" classname="Tests.Feature.MultiplesAndOccurrences.InfQixFooIntegratedNumberServiceTest" file="C:\wamp64\www\FooBarQixExtended\tests\Feature\MultiplesAndOccurrences\InfQixFooIntegratedNumberServiceTest.php" line="61" assertions="1" time="0.297207"/>
    </testsuite>
    <testsuite name="Tests\Feature\MultiplesAndOccurrences\IntegratedNumberServiceTest" file="C:\wamp64\www\FooBarQixExtended\tests\Feature\MultiplesAndOccurrences\IntegratedNumberServiceTest.php" tests="2" assertions="4" errors="0" warnings="0" failures="0" skipped="0" time="0.466709">
      <testcase name="invalid_integer_test" class="Tests\Feature\MultiplesAndOccurrences\IntegratedNumberServiceTest" classname="Tests.Feature.MultiplesAndOccurrences.IntegratedNumberServiceTest" file="C:\wamp64\www\FooBarQixExtended\tests\Feature\MultiplesAndOccurrences\IntegratedNumberServiceTest.php" line="32" assertions="3" time="0.234594"/>
      <testcase name="multiples_and_occurrences_test" class="Tests\Feature\MultiplesAndOccurrences\IntegratedNumberServiceTest" classname="Tests.Feature.MultiplesAndOccurrences.IntegratedNumberServiceTest" file="C:\wamp64\www\FooBarQixExtended\tests\Feature\MultiplesAndOccurrences\IntegratedNumberServiceTest.php" line="61" assertions="1" time="0.232115"/>
    </testsuite>
    <testsuite name="Tests\Unit\ExampleTest" file="C:\wamp64\www\FooBarQixExtended\tests\Unit\ExampleTest.php" tests="1" assertions="1" errors="0" warnings="0" failures="0" skipped="0" time="0.001772">
      <testcase name="test_example" class="Tests\Unit\ExampleTest" classname="Tests.Unit.ExampleTest" file="C:\wamp64\www\FooBarQixExtended\tests\Unit\ExampleTest.php" line="14" assertions="1" time="0.001772"/>
    </testsuite>
    <testsuite name="Tests\Unit\Multiples\MultiplesTest" file="C:\wamp64\www\FooBarQixExtended\tests\Unit\Multiples\MultiplesTest.php" tests="4" assertions="70" errors="0" warnings="0" failures="0" skipped="0" time="0.960658">
      <testcase name="invalid_integer_test" class="Tests\Unit\Multiples\MultiplesTest" classname="Tests.Unit.Multiples.MultiplesTest" file="C:\wamp64\www\FooBarQixExtended\tests\Unit\Multiples\MultiplesTest.php" line="46" assertions="3" time="0.239570"/>
      <testcase name="single_multiple_test" class="Tests\Unit\Multiples\MultiplesTest" classname="Tests.Unit.Multiples.MultiplesTest" file="C:\wamp64\www\FooBarQixExtended\tests\Unit\Multiples\MultiplesTest.php" line="77" assertions="63" time="0.257197"/>
      <testcase name="combined_multiple_test" class="Tests\Unit\Multiples\MultiplesTest" classname="Tests.Unit.Multiples.MultiplesTest" file="C:\wamp64\www\FooBarQixExtended\tests\Unit\Multiples\MultiplesTest.php" line="129" assertions="1" time="0.231435"/>
      <testcase name="no_transformation_test" class="Tests\Unit\Multiples\MultiplesTest" classname="Tests.Unit.Multiples.MultiplesTest" file="C:\wamp64\www\FooBarQixExtended\tests\Unit\Multiples\MultiplesTest.php" line="182" assertions="3" time="0.232456"/>
    </testsuite>
    <testsuite name="Tests\Unit\Occurrences\OccurrencesTest" file="C:\wamp64\www\FooBarQixExtended\tests\Unit\Occurrences\OccurrencesTest.php" tests="5" assertions="89" errors="0" warnings="0" failures="0" skipped="0" time="1.251736">
      <testcase name="invalid_integer_test" class="Tests\Unit\Occurrences\OccurrencesTest" classname="Tests.Unit.Occurrences.OccurrencesTest" file="C:\wamp64\www\FooBarQixExtended\tests\Unit\Occurrences\OccurrencesTest.php" line="33" assertions="3" time="0.229809"/>
      <testcase name="individual_digits_test" class="Tests\Unit\Occurrences\OccurrencesTest" classname="Tests.Unit.Occurrences.OccurrencesTest" file="C:\wamp64\www\FooBarQixExtended\tests\Unit\Occurrences\OccurrencesTest.php" line="62" assertions="2" time="0.237486"/>
      <testcase name="mixed_digits_test" class="Tests\Unit\Occurrences\OccurrencesTest" classname="Tests.Unit.Occurrences.OccurrencesTest" file="C:\wamp64\www\FooBarQixExtended\tests\Unit\Occurrences\OccurrencesTest.php" line="119" assertions="2" time="0.295429"/>
      <testcase name="no_transformation_test" class="Tests\Unit\Occurrences\OccurrencesTest" classname="Tests.Unit.Occurrences.OccurrencesTest" file="C:\wamp64\www\FooBarQixExtended\tests\Unit\Occurrences\OccurrencesTest.php" line="168" assertions="81" time="0.256944"/>
      <testcase name="mixed_digits_and_no_transformation_test" class="Tests\Unit\Occurrences\OccurrencesTest" classname="Tests.Unit.Occurrences.OccurrencesTest" file="C:\wamp64\www\FooBarQixExtended\tests\Unit\Occurrences\OccurrencesTest.php" line="206" assertions="1" time="0.232068"/>
    </testsuite>
    <testsuite name="Tests\Unit\Step1\FooBarQixMultiplesTest" file="C:\wamp64\www\FooBarQixExtended\tests\Unit\Step1\FooBarQixMultiplesTest.php" tests="4" assertions="66" errors="0" warnings="0" failures="0" skipped="0" time="1.002540">
      <testcase name="invalid_integer_test" class="Tests\Unit\Step1\FooBarQixMultiplesTest" classname="Tests.Unit.Step1.FooBarQixMultiplesTest" file="C:\wamp64\www\FooBarQixExtended\tests\Unit\Step1\FooBarQixMultiplesTest.php" line="46" assertions="3" time="0.236445"/>
      <testcase name="single_multiple_test" class="Tests\Unit\Step1\FooBarQixMultiplesTest" classname="Tests.Unit.Step1.FooBarQixMultiplesTest" file="C:\wamp64\www\FooBarQixExtended\tests\Unit\Step1\FooBarQixMultiplesTest.php" line="77" assertions="32" time="0.263257"/>
      <testcase name="combined_multiple_test" class="Tests\Unit\Step1\FooBarQixMultiplesTest" classname="Tests.Unit.Step1.FooBarQixMultiplesTest" file="C:\wamp64\www\FooBarQixExtended\tests\Unit\Step1\FooBarQixMultiplesTest.php" line="129" assertions="4" time="0.235278"/>
      <testcase name="no_transformation_test" class="Tests\Unit\Step1\FooBarQixMultiplesTest" classname="Tests.Unit.Step1.FooBarQixMultiplesTest" file="C:\wamp64\www\FooBarQixExtended\tests\Unit\Step1\FooBarQixMultiplesTest.php" line="182" assertions="27" time="0.267560"/>
    </testsuite>
    <testsuite name="Tests\Unit\Step3\FooBarQixOccurrencesTest" file="C:\wamp64\www\FooBarQixExtended\tests\Unit\Step3\FooBarQixOccurrencesTest.php" tests="5" assertions="62" errors="0" warnings="0" failures="0" skipped="0" time="1.224713">
      <testcase name="invalid_integer_test" class="Tests\Unit\Step3\FooBarQixOccurrencesTest" classname="Tests.Unit.Step3.FooBarQixOccurrencesTest" file="C:\wamp64\www\FooBarQixExtended\tests\Unit\Step3\FooBarQixOccurrencesTest.php" line="33" assertions="3" time="0.233964"/>
      <testcase name="individual_digits_test" class="Tests\Unit\Step3\FooBarQixOccurrencesTest" classname="Tests.Unit.Step3.FooBarQixOccurrencesTest" file="C:\wamp64\www\FooBarQixExtended\tests\Unit\Step3\FooBarQixOccurrencesTest.php" line="62" assertions="6" time="0.231330"/>
      <testcase name="mixed_digits_test" class="Tests\Unit\Step3\FooBarQixOccurrencesTest" classname="Tests.Unit.Step3.FooBarQixOccurrencesTest" file="C:\wamp64\www\FooBarQixExtended\tests\Unit\Step3\FooBarQixOccurrencesTest.php" line="119" assertions="2" time="0.251329"/>
      <testcase name="no_transformation_test" class="Tests\Unit\Step3\FooBarQixOccurrencesTest" classname="Tests.Unit.Step3.FooBarQixOccurrencesTest" file="C:\wamp64\www\FooBarQixExtended\tests\Unit\Step3\FooBarQixOccurrencesTest.php" line="168" assertions="50" time="0.272762"/>
      <testcase name="mixed_digits_and_no_transformation_test" class="Tests\Unit\Step3\FooBarQixOccurrencesTest" classname="Tests.Unit.Step3.FooBarQixOccurrencesTest" file="C:\wamp64\www\FooBarQixExtended\tests\Unit\Step3\FooBarQixOccurrencesTest.php" line="206" assertions="1" time="0.235328"/>
    </testsuite>
    <testsuite name="Tests\Unit\Step1\InfQixFooMultiplesTest" file="C:\wamp64\www\FooBarQixExtended\tests\Unit\Step4\InfQixFooMultiplesTest.php" tests="4" assertions="66" errors="0" warnings="0" failures="0" skipped="0" time="1.013591">
      <testcase name="invalid_integer_test" class="Tests\Unit\Step1\InfQixFooMultiplesTest" classname="Tests.Unit.Step1.InfQixFooMultiplesTest" file="C:\wamp64\www\FooBarQixExtended\tests\Unit\Step4\InfQixFooMultiplesTest.php" line="46" assertions="3" time="0.274004"/>
      <testcase name="single_multiple_test" class="Tests\Unit\Step1\InfQixFooMultiplesTest" classname="Tests.Unit.Step1.InfQixFooMultiplesTest" file="C:\wamp64\www\FooBarQixExtended\tests\Unit\Step4\InfQixFooMultiplesTest.php" line="77" assertions="28" time="0.258335"/>
      <testcase name="combined_multiple_test" class="Tests\Unit\Step1\InfQixFooMultiplesTest" classname="Tests.Unit.Step1.InfQixFooMultiplesTest" file="C:\wamp64\www\FooBarQixExtended\tests\Unit\Step4\InfQixFooMultiplesTest.php" line="129" assertions="4" time="0.233040"/>
      <testcase name="no_transformation_test" class="Tests\Unit\Step1\InfQixFooMultiplesTest" classname="Tests.Unit.Step1.InfQixFooMultiplesTest" file="C:\wamp64\www\FooBarQixExtended\tests\Unit\Step4\InfQixFooMultiplesTest.php" line="182" assertions="31" time="0.248213"/>
    </testsuite>
    <testsuite name="Tests\Unit\Step3\InfQixFooOccurrencesTest" file="C:\wamp64\www\FooBarQixExtended\tests\Unit\Step4\InfQixFooOccurrencesTest.php" tests="5" assertions="62" errors="0" warnings="0" failures="0" skipped="0" time="1.229301">
      <testcase name="invalid_integer_test" class="Tests\Unit\Step3\InfQixFooOccurrencesTest" classname="Tests.Unit.Step3.InfQixFooOccurrencesTest" file="C:\wamp64\www\FooBarQixExtended\tests\Unit\Step4\InfQixFooOccurrencesTest.php" line="33" assertions="3" time="0.233834"/>
      <testcase name="individual_digits_test" class="Tests\Unit\Step3\InfQixFooOccurrencesTest" classname="Tests.Unit.Step3.InfQixFooOccurrencesTest" file="C:\wamp64\www\FooBarQixExtended\tests\Unit\Step4\InfQixFooOccurrencesTest.php" line="62" assertions="6" time="0.231139"/>
      <testcase name="mixed_digits_test" class="Tests\Unit\Step3\InfQixFooOccurrencesTest" classname="Tests.Unit.Step3.InfQixFooOccurrencesTest" file="C:\wamp64\www\FooBarQixExtended\tests\Unit\Step4\InfQixFooOccurrencesTest.php" line="119" assertions="2" time="0.234502"/>
      <testcase name="no_transformation_test" class="Tests\Unit\Step3\InfQixFooOccurrencesTest" classname="Tests.Unit.Step3.InfQixFooOccurrencesTest" file="C:\wamp64\www\FooBarQixExtended\tests\Unit\Step4\InfQixFooOccurrencesTest.php" line="168" assertions="50" time="0.276868"/>
      <testcase name="mixed_digits_and_no_transformation_test" class="Tests\Unit\Step3\InfQixFooOccurrencesTest" classname="Tests.Unit.Step3.InfQixFooOccurrencesTest" file="C:\wamp64\www\FooBarQixExtended\tests\Unit\Step4\InfQixFooOccurrencesTest.php" line="206" assertions="1" time="0.252958"/>
    </testsuite>
  </testsuite>
</testsuites>
